11:39:33.892 [main                     ] DEBUG Logger               - Configured Logger
11:39:33.936 [main                     ] DEBUG GameApplication      - Logging settings
Title: Untitled
Version: 0.0
Width: 800
Height: 600
Fullscreen: false
Intro: false
Profiling: false
Single step:false
App Mode: DEVELOPER
Menu Key: ESCAPE
Stage Style: DECORATED
Scene Factory: class com.almasb.fxgl.app.scene.SceneFactory

11:39:34.406 [JavaFX Application Thread] DEBUG FXGLApplication      - Initializing FXGL
11:39:34.416 [JavaFX Application Thread] INFO  Engine               - FXGL-17 (31.12.2021 18.16) on WINDOWS (J:17.0.2 FX:17.0.0.1)
11:39:34.416 [JavaFX Application Thread] DEBUG Engine               - JRE Vendor Name: Oracle Corporation
11:39:34.417 [JavaFX Application Thread] DEBUG Engine               - Running on OS: Windows 10 version 10.0
11:39:34.417 [JavaFX Application Thread] DEBUG Engine               - Architecture: amd64
11:39:34.417 [JavaFX Application Thread] INFO  Engine               - Source code and latest versions at: https://github.com/AlmasB/FXGL
11:39:34.418 [JavaFX Application Thread] INFO  Engine               -       Ask questions and discuss at: https://github.com/AlmasB/FXGL/discussions
11:39:34.418 [JavaFX Application Thread] INFO  Engine               -              Join the FXGL chat at: https://gitter.im/AlmasB/FXGL
11:39:34.532 [JavaFX Application Thread] DEBUG PrimaryStageWindow   - Creating a JavaFX scene
11:39:34.589 [JavaFX Application Thread] DEBUG PrimaryStageWindow   - Target settings size: 800.0 x 600.0
11:39:34.590 [JavaFX Application Thread] DEBUG PrimaryStageWindow   - Scaled scene size:    800.0 x 600.0
11:39:34.590 [JavaFX Application Thread] DEBUG PrimaryStageWindow   - Scaled ratio: (1.0, 1.0)
11:39:34.592 [JavaFX Application Thread] DEBUG PrimaryStageWindow   - Set initial scene to FXGLStartupScene
11:39:34.601 [JavaFX Application Thread] DEBUG PrimaryStageWindow   - Opening main window
11:39:34.795 [JavaFX Application Thread] DEBUG PrimaryStageWindow   - Window border size: (14.66668701171875, 37.33331298828125)
11:39:34.795 [JavaFX Application Thread] DEBUG PrimaryStageWindow   - Scaled size: 800.0 x 600.0
11:39:34.796 [JavaFX Application Thread] DEBUG PrimaryStageWindow   - Scaled ratio: (1.0, 1.0)
11:39:34.796 [JavaFX Application Thread] DEBUG PrimaryStageWindow   - Scene size: 800.0 x 600.0
11:39:34.797 [JavaFX Application Thread] DEBUG PrimaryStageWindow   - Stage size: 814.6666870117188 x 637.3333129882812
11:39:34.810 [FXGL Background Thread 1 ] DEBUG Engine               - Initializing environment variables
11:39:34.864 [FXGL Background Thread 1 ] DEBUG FXGLAssetLoaderServi - User app class for loading assets: class com.mac.TestEntityApp
11:39:34.864 [FXGL Background Thread 1 ] DEBUG GameApplicationServi - Applying CSS: fxgl_dark.css
11:39:34.866 [FXGL Background Thread 1 ] DEBUG FXGLAssetLoaderServi - Loading from file system: jar:file:///D:/Install/Maven/repository/com/github/almasb/fxgl/17/fxgl-17.jar!/fxglassets/ui/css/fxgl_dark.css
11:39:34.930 [FXGL Background Thread 1 ] DEBUG GameApplicationServi - Initializing application scenes
11:39:35.049 [FXGL Background Thread 1 ] DEBUG GameWorld            - Game world initialized
11:39:35.132 [FXGL Background Thread 1 ] DEBUG PhysicsWorld         - Physics world initialized: appHeight=600, physics.ppm=50.0
11:39:35.132 [FXGL Background Thread 1 ] DEBUG PhysicsWorld         - Using strategy: BRUTE_FORCE
11:39:35.138 [FXGL Background Thread 1 ] DEBUG GameScene            - Game scene initialized: 800x600
11:39:35.159 [FXGL Background Thread 1 ] DEBUG FXGL.DefaultMenu     - createMenuBodyGameMenu()
11:39:35.179 [FXGL Background Thread 1 ] DEBUG FXGL.DefaultMenu     - createOptionsMenu()
11:39:35.193 [FXGL Background Thread 1 ] DEBUG FXGLAssetLoaderServi - Loading from file system: jar:file:///D:/Install/Maven/repository/com/github/almasb/fxgl/17/fxgl-17.jar!/fxglassets/textures/particles/smoke.png
11:39:35.302 [FXGL Background Thread 1 ] DEBUG FXGLAssetLoaderServi - Loading from file system: jar:file:///D:/Install/Maven/repository/com/github/almasb/fxgl/17/fxgl-17.jar!/fxglassets/textures/particles/trace_horizontal.png
11:39:35.338 [FXGL Background Thread 1 ] DEBUG GameApplicationServi - Application scenes initialized
11:39:35.355 [FXGL Background Thread 1 ] DEBUG SystemBundleService  - Loading FXGL system data
11:39:35.361 [FXGL Background Thread 1 ] DEBUG FileSystemAccess     - Reading from: E:\Other_Project\JXGL_GameEngine\entityBuildTest\system\fxgl.bundle
11:39:35.370 [FXGL Background Thread 1 ] DEBUG SystemBundleService  - Bundle FXGL: {}
11:39:35.370 [FXGL Background Thread 1 ] DEBUG UpdaterService       - Checking for updates
11:39:35.376 [FXGL Background Thread 4 ] DEBUG FXGLApplication      - Loading fonts
11:39:35.376 [FXGL Background Thread 1 ] DEBUG FXGLApplication      - Loading default localization
11:39:35.376 [FXGL Background Thread 4 ] DEBUG FXGLAssetLoaderServi - Loading from file system: jar:file:///D:/Install/Maven/repository/com/github/almasb/fxgl/17/fxgl-17.jar!/fxglassets/ui/fonts/VarelaRound-Regular.ttf
11:39:35.378 [FXGL Background Thread 1 ] DEBUG FXGLAssetLoaderServi - Loading from file system: jar:file:///D:/Install/Maven/repository/com/github/almasb/fxgl/17/fxgl-17.jar!/fxglassets/languages/english.lang
11:39:35.403 [FXGL Background Thread 1 ] INFO  FXGLApplication      - FXGL initialization took: 0.592 sec
11:39:35.405 [JavaFX Application Thread] DEBUG FXGLAssetLoaderServi - Loading from file system: jar:file:///D:/Install/Maven/repository/com/github/almasb/fxgl/17/fxgl-17.jar!/fxglassets/textures/fxgl_icon.png
11:39:35.441 [JavaFX Application Thread] DEBUG FXGLAssetLoaderServi - Loading from file system: jar:file:///D:/Install/Maven/repository/com/github/almasb/fxgl/17/fxgl-17.jar!/fxglassets/textures/fxgl_default_cursor.png
11:39:35.462 [JavaFX Application Thread] DEBUG Input                - Registered new binding: Screenshot - CTRL+8
11:39:35.463 [JavaFX Application Thread] DEBUG Input                - Registered new binding: System info dump - CTRL+9
11:39:35.464 [JavaFX Application Thread] DEBUG Input                - Registered new binding: Restart - CTRL+R
11:39:35.466 [JavaFX Application Thread] DEBUG Input                - Registered new binding: Toggle Debug Camera - CTRL+7
11:39:35.471 [JavaFX Application Thread] DEBUG LoopRunner           - Starting loop
11:39:35.472 [JavaFX Application Thread] DEBUG LoopRunner           - Initializing JavaFX AnimationTimerLoop
11:39:35.474 [FXGL Background Thread 4 ] DEBUG FXGLAssetLoaderServi - Loading from file system: jar:file:///D:/Install/Maven/repository/com/github/almasb/fxgl/17/fxgl-17.jar!/fxglassets/ui/fonts/Abel-Regular.ttf
11:39:35.478 [JavaFX Application Thread] DEBUG GameApplicationServi - Starting new game
11:39:35.479 [JavaFX Application Thread] DEBUG Input                - Clearing active input actions
11:39:35.495 [FXGL Background Thread 4 ] DEBUG FXGLAssetLoaderServi - Loading from file system: jar:file:///D:/Install/Maven/repository/com/github/almasb/fxgl/17/fxgl-17.jar!/fxglassets/ui/fonts/TerminalLandMono-Regular.otf
11:39:35.496 [JavaFX Application Thread] DEBUG GameApplicationServi - Removing overlay from FXGLStartupScene and adding to FXGLLoadingScene
11:39:35.497 [JavaFX Application Thread] DEBUG PrimaryStageWindow   - FXGLStartupScene -> FXGLLoadingScene
11:39:35.498 [JavaFX Application Thread] DEBUG GameApplicationServi - Clearing previous game
11:39:35.498 [JavaFX Application Thread] DEBUG GameScene            - Clearing game scene
11:39:35.498 [JavaFX Application Thread] DEBUG GameWorld            - Clearing game world
11:39:35.498 [JavaFX Application Thread] DEBUG PhysicsWorld         - Clearing physics world
11:39:35.500 [FXGL Background Thread 1 ] DEBUG FXGLApplication      - Initializing game
11:39:35.516 [FXGL Background Thread 4 ] DEBUG FXGLAssetLoaderServi - Loading from file system: jar:file:///D:/Install/Maven/repository/com/github/almasb/fxgl/17/fxgl-17.jar!/fxglassets/ui/fonts/Courier-Prime.ttf
11:39:35.530 [FXGL Background Thread 1 ] INFO  FXGLApplication      - Game initialization took: 0.030 sec
11:39:35.567 [JavaFX Application Thread] DEBUG Input                - Clearing active input actions
11:39:35.580 [JavaFX Application Thread] DEBUG GameApplicationServi - Removing overlay from FXGLLoadingScene and adding to GameScene
11:39:35.580 [JavaFX Application Thread] DEBUG PrimaryStageWindow   - FXGLLoadingScene -> GameScene
11:39:35.581 [JavaFX Application Thread] DEBUG FXGLApplication      - Registering font factories with UI factory
11:39:38.374 [FXGL Background Thread 3 ] DEBUG Engine               - Logging environment variables
11:39:38.375 [FXGL Background Thread 3 ] DEBUG Engine               - achievements: []
11:39:38.376 [FXGL Background Thread 3 ] DEBUG Engine               - actualHeight: 600.0
11:39:38.376 [FXGL Background Thread 3 ] DEBUG Engine               - actualHeightProperty: ReadOnlyDoubleProperty [value: 600.0]
11:39:38.376 [FXGL Background Thread 3 ] DEBUG Engine               - actualWidth: 800.0
11:39:38.377 [FXGL Background Thread 3 ] DEBUG Engine               - actualWidthProperty: ReadOnlyDoubleProperty [value: 800.0]
11:39:38.377 [FXGL Background Thread 3 ] DEBUG Engine               - appIcon: fxgl_icon.png
11:39:38.377 [FXGL Background Thread 3 ] DEBUG Engine               - applicationMode: DEVELOPER
11:39:38.378 [FXGL Background Thread 3 ] DEBUG Engine               - cSSList: [fxgl_dark.css]
11:39:38.378 [FXGL Background Thread 3 ] DEBUG Engine               - collisionDetectionStrategy: BRUTE_FORCE
11:39:38.378 [FXGL Background Thread 3 ] DEBUG Engine               - configClass: Optional.empty
11:39:38.379 [FXGL Background Thread 3 ] DEBUG Engine               - credits: []
11:39:38.381 [FXGL Background Thread 3 ] DEBUG Engine               - defaultCursor: CursorInfo(imageName=fxgl_default_cursor.png, hotspotX=7.0, hotspotY=6.0)
11:39:38.381 [FXGL Background Thread 3 ] DEBUG Engine               - devBBoxColorProperty: ObjectProperty [value: 0xff0000ff]
11:39:38.382 [FXGL Background Thread 3 ] DEBUG Engine               - devEnableDebugCameraProperty: BooleanProperty [value: false]
11:39:38.382 [FXGL Background Thread 3 ] DEBUG Engine               - devSensorColorProperty: ObjectProperty [value: 0xffff00ff]
11:39:38.382 [FXGL Background Thread 3 ] DEBUG Engine               - devShowBBoxProperty: BooleanProperty [value: false]
11:39:38.385 [FXGL Background Thread 3 ] DEBUG Engine               - devShowPositionProperty: BooleanProperty [value: false]
11:39:38.385 [FXGL Background Thread 3 ] DEBUG Engine               - enabledMenuItems: []
11:39:38.386 [FXGL Background Thread 3 ] DEBUG Engine               - engineServices: [class com.almasb.fxgl.app.services.FXGLAssetLoaderService, class com.almasb.fxgl.app.FXGLApplication$GameApplicationService, class com.almasb.fxgl.app.services.FXGLDialogService, class com.almasb.fxgl.app.services.IOTaskExecutorService, class com.almasb.fxgl.io.FileSystemService, class com.almasb.fxgl.localization.LocalizationService, class com.almasb.fxgl.app.services.SystemBundleService, class com.almasb.fxgl.profile.SaveLoadService, class com.almasb.fxgl.ui.FXGLUIFactoryServiceProvider, class com.almasb.fxgl.ui.FXGLDialogFactoryServiceProvider, class com.almasb.fxgl.audio.AudioPlayer, class com.almasb.fxgl.notification.impl.NotificationServiceProvider, class com.almasb.fxgl.achievement.AchievementService, class com.almasb.fxgl.cutscene.CutsceneService, class com.almasb.fxgl.minigames.MiniGameService, class com.almasb.fxgl.net.NetService, class com.almasb.fxgl.app.services.UpdaterService, class com.almasb.fxgl.dev.DevService]
11:39:38.386 [FXGL Background Thread 3 ] DEBUG Engine               - fontGame: Abel-Regular.ttf
11:39:38.386 [FXGL Background Thread 3 ] DEBUG Engine               - fontMono: TerminalLandMono-Regular.otf
11:39:38.386 [FXGL Background Thread 3 ] DEBUG Engine               - fontText: Courier-Prime.ttf
11:39:38.387 [FXGL Background Thread 3 ] DEBUG Engine               - fontUI: VarelaRound-Regular.ttf
11:39:38.387 [FXGL Background Thread 3 ] DEBUG Engine               - fullScreen: BooleanProperty [value: false]
11:39:38.388 [FXGL Background Thread 3 ] DEBUG Engine               - gameDifficulty: MEDIUM
11:39:38.388 [FXGL Background Thread 3 ] DEBUG Engine               - gameDifficultyProperty: ObjectProperty [value: MEDIUM]
11:39:38.388 [FXGL Background Thread 3 ] DEBUG Engine               - globalMusicVolume: 0.5
11:39:38.389 [FXGL Background Thread 3 ] DEBUG Engine               - globalMusicVolumeProperty: DoubleProperty [value: 0.5]
11:39:38.389 [FXGL Background Thread 3 ] DEBUG Engine               - globalSoundVolume: 0.5
11:39:38.389 [FXGL Background Thread 3 ] DEBUG Engine               - globalSoundVolumeProperty: DoubleProperty [value: 0.5]
11:39:38.389 [FXGL Background Thread 3 ] DEBUG Engine               - height: 600
11:39:38.390 [FXGL Background Thread 3 ] DEBUG Engine               - is3D: false
11:39:38.390 [FXGL Background Thread 3 ] DEBUG Engine               - isAndroid: false
11:39:38.390 [FXGL Background Thread 3 ] DEBUG Engine               - isBrowser: false
11:39:38.390 [FXGL Background Thread 3 ] DEBUG Engine               - isClickFeedbackEnabled: false
11:39:38.390 [FXGL Background Thread 3 ] DEBUG Engine               - isCloseConfirmation: false
11:39:38.391 [FXGL Background Thread 3 ] DEBUG Engine               - isDesktop: true
11:39:38.391 [FXGL Background Thread 3 ] DEBUG Engine               - isDeveloperMenuEnabled: false
11:39:38.391 [FXGL Background Thread 3 ] DEBUG Engine               - isEmbedded: false
11:39:38.391 [FXGL Background Thread 3 ] DEBUG Engine               - isEntityPreloadEnabled: true
11:39:38.391 [FXGL Background Thread 3 ] DEBUG Engine               - isExperimentalTiledLargeMap: false
11:39:38.391 [FXGL Background Thread 3 ] DEBUG Engine               - isFileSystemWriteAllowed: true
11:39:38.392 [FXGL Background Thread 3 ] DEBUG Engine               - isFullScreenAllowed: false
11:39:38.392 [FXGL Background Thread 3 ] DEBUG Engine               - isFullScreenFromStart: false
11:39:38.392 [FXGL Background Thread 3 ] DEBUG Engine               - isGameMenuEnabled: true
11:39:38.392 [FXGL Background Thread 3 ] DEBUG Engine               - isIOS: false
11:39:38.392 [FXGL Background Thread 3 ] DEBUG Engine               - isIntroEnabled: false
11:39:38.392 [FXGL Background Thread 3 ] DEBUG Engine               - isLinux: false
11:39:38.393 [FXGL Background Thread 3 ] DEBUG Engine               - isMac: false
11:39:38.393 [FXGL Background Thread 3 ] DEBUG Engine               - isMainMenuEnabled: false
11:39:38.393 [FXGL Background Thread 3 ] DEBUG Engine               - isManualResizeEnabled: false
11:39:38.393 [FXGL Background Thread 3 ] DEBUG Engine               - isMobile: false
11:39:38.394 [FXGL Background Thread 3 ] DEBUG Engine               - isNative: false
11:39:38.394 [FXGL Background Thread 3 ] DEBUG Engine               - isPauseMusicWhenMinimized: true
11:39:38.394 [FXGL Background Thread 3 ] DEBUG Engine               - isPreserveResizeRatio: false
11:39:38.394 [FXGL Background Thread 3 ] DEBUG Engine               - isProfilingEnabled: false
11:39:38.394 [FXGL Background Thread 3 ] DEBUG Engine               - isScaleAffectedOnResize: true
11:39:38.395 [FXGL Background Thread 3 ] DEBUG Engine               - isSingleStep: false
11:39:38.395 [FXGL Background Thread 3 ] DEBUG Engine               - isUserProfileEnabled: false
11:39:38.395 [FXGL Background Thread 3 ] DEBUG Engine               - isWindows: true
11:39:38.396 [FXGL Background Thread 3 ] DEBUG Engine               - language: ObjectProperty [value: ENGLISH]
11:39:38.396 [FXGL Background Thread 3 ] DEBUG Engine               - menuKey: ESCAPE
11:39:38.396 [FXGL Background Thread 3 ] DEBUG Engine               - mouseSensitivity: 0.2
11:39:38.396 [FXGL Background Thread 3 ] DEBUG Engine               - notificationViewClass: class com.almasb.fxgl.notification.view.XboxNotificationView
11:39:38.396 [FXGL Background Thread 3 ] DEBUG Engine               - pixelsPerMeter: 50.0
11:39:38.397 [FXGL Background Thread 3 ] DEBUG Engine               - platform: WINDOWS
11:39:38.397 [FXGL Background Thread 3 ] DEBUG Engine               - prefHeightProperty: ReadOnlyDoubleProperty [value: 600.0]
11:39:38.397 [FXGL Background Thread 3 ] DEBUG Engine               - prefWidthProperty: ReadOnlyDoubleProperty [value: 800.0]
11:39:38.397 [FXGL Background Thread 3 ] DEBUG Engine               - profileDir: profiles/
11:39:38.399 [FXGL Background Thread 3 ] DEBUG Engine               - profileName: StringProperty [value: DEFAULT]
11:39:38.399 [FXGL Background Thread 3 ] DEBUG Engine               - randomSeed: -1
11:39:38.400 [FXGL Background Thread 3 ] DEBUG Engine               - runtimeInfo: RuntimeInfo(platform=WINDOWS, version=17, build=31.12.2021 18.16)
11:39:38.400 [FXGL Background Thread 3 ] DEBUG Engine               - saveFileExt: sav
11:39:38.400 [FXGL Background Thread 3 ] DEBUG Engine               - scaledHeightProp$fxgl: DoubleProperty [bound, value: 600.0]
11:39:38.400 [FXGL Background Thread 3 ] DEBUG Engine               - scaledWidthProp$fxgl: DoubleProperty [bound, value: 800.0]
11:39:38.401 [FXGL Background Thread 3 ] DEBUG Engine               - sceneFactory: com.almasb.fxgl.app.scene.SceneFactory@1f3626e9
11:39:38.401 [FXGL Background Thread 3 ] DEBUG Engine               - secondsIn24h: 60
11:39:38.401 [FXGL Background Thread 3 ] DEBUG Engine               - soundMenuBack: menu/back.wav
11:39:38.401 [FXGL Background Thread 3 ] DEBUG Engine               - soundMenuPress: menu/press.wav
11:39:38.401 [FXGL Background Thread 3 ] DEBUG Engine               - soundMenuSelect: menu/select.wav
11:39:38.401 [FXGL Background Thread 3 ] DEBUG Engine               - soundNotification: core/notification.wav
11:39:38.402 [FXGL Background Thread 3 ] DEBUG Engine               - stageStyle: DECORATED
11:39:38.402 [FXGL Background Thread 3 ] DEBUG Engine               - supportedLanguages: [ENGLISH, FRENCH, GERMAN, HUNGARIAN, RUSSIAN]
11:39:38.402 [FXGL Background Thread 3 ] DEBUG Engine               - ticksPerSecond: -1
11:39:38.402 [FXGL Background Thread 3 ] DEBUG Engine               - title: Untitled
11:39:38.402 [FXGL Background Thread 3 ] DEBUG Engine               - urlGithub: https://github.com/AlmasB/FXGL
11:39:38.402 [FXGL Background Thread 3 ] DEBUG Engine               - urlLeaderboard: http://fxgl-top.herokuapp.com/
11:39:38.402 [FXGL Background Thread 3 ] DEBUG Engine               - urlPOM: https://raw.githubusercontent.com/AlmasB/FXGL/release/README.md
11:39:38.403 [FXGL Background Thread 3 ] DEBUG Engine               - userAppClass: class com.mac.TestEntityApp
11:39:38.403 [FXGL Background Thread 3 ] DEBUG Engine               - version: 0.0
11:39:38.403 [FXGL Background Thread 3 ] DEBUG Engine               - versionCheckDays: 7
11:39:38.403 [FXGL Background Thread 3 ] DEBUG Engine               - width: 800
11:39:38.403 [FXGL Background Thread 3 ] DEBUG Engine               - Logging services
11:39:38.404 [FXGL Background Thread 3 ] DEBUG Engine               - class com.almasb.fxgl.app.services.FXGLAssetLoaderService
11:39:38.404 [FXGL Background Thread 3 ] DEBUG Engine               - class com.almasb.fxgl.app.FXGLApplication$GameApplicationService
11:39:38.404 [FXGL Background Thread 3 ] DEBUG Engine               - class com.almasb.fxgl.app.services.FXGLDialogService
11:39:38.404 [FXGL Background Thread 3 ] DEBUG Engine               - class com.almasb.fxgl.app.services.IOTaskExecutorService
11:39:38.404 [FXGL Background Thread 3 ] DEBUG Engine               - class com.almasb.fxgl.io.FileSystemService
11:39:38.404 [FXGL Background Thread 3 ] DEBUG Engine               - class com.almasb.fxgl.localization.LocalizationService
11:39:38.405 [FXGL Background Thread 3 ] DEBUG Engine               - class com.almasb.fxgl.app.services.SystemBundleService
11:39:38.405 [FXGL Background Thread 3 ] DEBUG Engine               - class com.almasb.fxgl.profile.SaveLoadService
11:39:38.405 [FXGL Background Thread 3 ] DEBUG Engine               - class com.almasb.fxgl.ui.FXGLUIFactoryServiceProvider
11:39:38.405 [FXGL Background Thread 3 ] DEBUG Engine               - class com.almasb.fxgl.ui.FXGLDialogFactoryServiceProvider
11:39:38.405 [FXGL Background Thread 3 ] DEBUG Engine               - class com.almasb.fxgl.audio.AudioPlayer
11:39:38.406 [FXGL Background Thread 3 ] DEBUG Engine               - class com.almasb.fxgl.notification.impl.NotificationServiceProvider
11:39:38.406 [FXGL Background Thread 3 ] DEBUG Engine               - class com.almasb.fxgl.achievement.AchievementService
11:39:38.406 [FXGL Background Thread 3 ] DEBUG Engine               - class com.almasb.fxgl.cutscene.CutsceneService
11:39:38.406 [FXGL Background Thread 3 ] DEBUG Engine               - class com.almasb.fxgl.minigames.MiniGameService
11:39:38.406 [FXGL Background Thread 3 ] DEBUG Engine               - class com.almasb.fxgl.net.NetService
11:39:38.406 [FXGL Background Thread 3 ] DEBUG Engine               - class com.almasb.fxgl.app.services.UpdaterService
11:39:38.406 [FXGL Background Thread 3 ] DEBUG Engine               - class com.almasb.fxgl.dev.DevService
11:40:07.919 [JavaFX Application Thread] DEBUG FXGLApplication      - Exiting FXGL
11:40:07.919 [JavaFX Application Thread] DEBUG LoopRunner           - Stopping loop
11:40:07.919 [JavaFX Application Thread] DEBUG SystemBundleService  - Saving FXGL system data
11:40:07.924 [JavaFX Application Thread] DEBUG FileSystemAccess     - Writing to: E:\Other_Project\JXGL_GameEngine\entityBuildTest\system\fxgl.bundle
11:40:07.928 [JavaFX Application Thread] DEBUG Async                - Shutting down background threads
11:40:07.929 [JavaFX Application Thread] DEBUG PrimaryStageWindow   - Closing main window
11:40:07.955 [JavaFX Application Thread] DEBUG Logger               - Closing Logger
