17:20:09.820 [main                     ] DEBUG Logger               - Configured Logger
17:20:09.866 [main                     ] DEBUG GameApplication      - Logging settings
Title: Untitled
Version: 0.0
Width: 800
Height: 600
Fullscreen: false
Intro: false
Profiling: false
Single step:false
App Mode: DEVELOPER
Menu Key: ESCAPE
Stage Style: DECORATED
Scene Factory: class com.almasb.fxgl.app.scene.SceneFactory

17:20:10.400 [JavaFX Application Thread] DEBUG FXGLApplication      - Initializing FXGL
17:20:10.413 [JavaFX Application Thread] INFO  Engine               - FXGL-17 (31.12.2021 18.16) on WINDOWS (J:17.0.2 FX:17.0.0.1)
17:20:10.414 [JavaFX Application Thread] DEBUG Engine               - JRE Vendor Name: Oracle Corporation
17:20:10.414 [JavaFX Application Thread] DEBUG Engine               - Running on OS: Windows 10 version 10.0
17:20:10.414 [JavaFX Application Thread] DEBUG Engine               - Architecture: amd64
17:20:10.415 [JavaFX Application Thread] INFO  Engine               - Source code and latest versions at: https://github.com/AlmasB/FXGL
17:20:10.415 [JavaFX Application Thread] INFO  Engine               -       Ask questions and discuss at: https://github.com/AlmasB/FXGL/discussions
17:20:10.415 [JavaFX Application Thread] INFO  Engine               -              Join the FXGL chat at: https://gitter.im/AlmasB/FXGL
17:20:10.529 [JavaFX Application Thread] DEBUG PrimaryStageWindow   - Creating a JavaFX scene
17:20:10.588 [JavaFX Application Thread] DEBUG PrimaryStageWindow   - Target settings size: 800.0 x 600.0
17:20:10.589 [JavaFX Application Thread] DEBUG PrimaryStageWindow   - Scaled scene size:    800.0 x 600.0
17:20:10.589 [JavaFX Application Thread] DEBUG PrimaryStageWindow   - Scaled ratio: (1.0, 1.0)
17:20:10.590 [JavaFX Application Thread] DEBUG PrimaryStageWindow   - Set initial scene to FXGLStartupScene
17:20:10.598 [JavaFX Application Thread] DEBUG PrimaryStageWindow   - Opening main window
17:20:10.796 [JavaFX Application Thread] DEBUG PrimaryStageWindow   - Window border size: (14.66668701171875, 37.33331298828125)
17:20:10.797 [JavaFX Application Thread] DEBUG PrimaryStageWindow   - Scaled size: 800.0 x 600.0
17:20:10.797 [JavaFX Application Thread] DEBUG PrimaryStageWindow   - Scaled ratio: (1.0, 1.0)
17:20:10.798 [JavaFX Application Thread] DEBUG PrimaryStageWindow   - Scene size: 800.0 x 600.0
17:20:10.799 [JavaFX Application Thread] DEBUG PrimaryStageWindow   - Stage size: 814.6666870117188 x 637.3333129882812
17:20:10.811 [FXGL Background Thread 1 ] DEBUG Engine               - Initializing environment variables
17:20:10.868 [FXGL Background Thread 1 ] DEBUG FXGLAssetLoaderServi - User app class for loading assets: class com.mac.TestEntityApp
17:20:10.869 [FXGL Background Thread 1 ] DEBUG GameApplicationServi - Applying CSS: fxgl_dark.css
17:20:10.873 [FXGL Background Thread 1 ] DEBUG FXGLAssetLoaderServi - Loading from file system: jar:file:///D:/Install/Maven/repository/com/github/almasb/fxgl/17/fxgl-17.jar!/fxglassets/ui/css/fxgl_dark.css
17:20:10.943 [FXGL Background Thread 1 ] DEBUG GameApplicationServi - Initializing application scenes
17:20:11.060 [FXGL Background Thread 1 ] DEBUG GameWorld            - Game world initialized
17:20:11.131 [FXGL Background Thread 1 ] DEBUG PhysicsWorld         - Physics world initialized: appHeight=600, physics.ppm=50.0
17:20:11.132 [FXGL Background Thread 1 ] DEBUG PhysicsWorld         - Using strategy: BRUTE_FORCE
17:20:11.137 [FXGL Background Thread 1 ] DEBUG GameScene            - Game scene initialized: 800x600
17:20:11.154 [FXGL Background Thread 1 ] DEBUG FXGL.DefaultMenu     - createMenuBodyGameMenu()
17:20:11.173 [FXGL Background Thread 1 ] DEBUG FXGL.DefaultMenu     - createOptionsMenu()
17:20:11.189 [FXGL Background Thread 1 ] DEBUG FXGLAssetLoaderServi - Loading from file system: jar:file:///D:/Install/Maven/repository/com/github/almasb/fxgl/17/fxgl-17.jar!/fxglassets/textures/particles/smoke.png
17:20:11.301 [FXGL Background Thread 1 ] DEBUG FXGLAssetLoaderServi - Loading from file system: jar:file:///D:/Install/Maven/repository/com/github/almasb/fxgl/17/fxgl-17.jar!/fxglassets/textures/particles/trace_horizontal.png
17:20:11.343 [FXGL Background Thread 1 ] DEBUG GameApplicationServi - Application scenes initialized
17:20:11.360 [FXGL Background Thread 1 ] DEBUG SystemBundleService  - Loading FXGL system data
17:20:11.366 [FXGL Background Thread 1 ] DEBUG FileSystemAccess     - Reading from: E:\Other_Project\JXGL_GameEngine\entityBuildTest\system\fxgl.bundle
17:20:11.377 [FXGL Background Thread 1 ] DEBUG SystemBundleService  - Bundle FXGL: {}
17:20:11.377 [FXGL Background Thread 1 ] DEBUG UpdaterService       - Checking for updates
17:20:11.383 [FXGL Background Thread 4 ] DEBUG FXGLApplication      - Loading fonts
17:20:11.383 [FXGL Background Thread 4 ] DEBUG FXGLAssetLoaderServi - Loading from file system: jar:file:///D:/Install/Maven/repository/com/github/almasb/fxgl/17/fxgl-17.jar!/fxglassets/ui/fonts/VarelaRound-Regular.ttf
17:20:11.384 [FXGL Background Thread 1 ] DEBUG FXGLApplication      - Loading default localization
17:20:11.385 [FXGL Background Thread 1 ] DEBUG FXGLAssetLoaderServi - Loading from file system: jar:file:///D:/Install/Maven/repository/com/github/almasb/fxgl/17/fxgl-17.jar!/fxglassets/languages/english.lang
17:20:11.424 [FXGL Background Thread 1 ] INFO  FXGLApplication      - FXGL initialization took: 0.611 sec
17:20:11.426 [JavaFX Application Thread] DEBUG FXGLAssetLoaderServi - Loading from file system: jar:file:///D:/Install/Maven/repository/com/github/almasb/fxgl/17/fxgl-17.jar!/fxglassets/textures/fxgl_icon.png
17:20:11.455 [JavaFX Application Thread] DEBUG FXGLAssetLoaderServi - Loading from file system: jar:file:///D:/Install/Maven/repository/com/github/almasb/fxgl/17/fxgl-17.jar!/fxglassets/textures/fxgl_default_cursor.png
17:20:11.490 [JavaFX Application Thread] DEBUG Input                - Registered new binding: Screenshot - CTRL+8
17:20:11.492 [JavaFX Application Thread] DEBUG Input                - Registered new binding: System info dump - CTRL+9
17:20:11.493 [JavaFX Application Thread] DEBUG Input                - Registered new binding: Restart - CTRL+R
17:20:11.494 [JavaFX Application Thread] DEBUG Input                - Registered new binding: Toggle Debug Camera - CTRL+7
17:20:11.499 [JavaFX Application Thread] DEBUG LoopRunner           - Starting loop
17:20:11.500 [JavaFX Application Thread] DEBUG LoopRunner           - Initializing JavaFX AnimationTimerLoop
17:20:11.503 [JavaFX Application Thread] DEBUG GameApplicationServi - Starting new game
17:20:11.505 [JavaFX Application Thread] DEBUG Input                - Clearing active input actions
17:20:11.524 [JavaFX Application Thread] DEBUG GameApplicationServi - Removing overlay from FXGLStartupScene and adding to FXGLLoadingScene
17:20:11.526 [JavaFX Application Thread] DEBUG PrimaryStageWindow   - FXGLStartupScene -> FXGLLoadingScene
17:20:11.526 [JavaFX Application Thread] DEBUG GameApplicationServi - Clearing previous game
17:20:11.526 [JavaFX Application Thread] DEBUG GameScene            - Clearing game scene
17:20:11.526 [JavaFX Application Thread] DEBUG GameWorld            - Clearing game world
17:20:11.526 [JavaFX Application Thread] DEBUG PhysicsWorld         - Clearing physics world
17:20:11.530 [FXGL Background Thread 1 ] DEBUG FXGLApplication      - Initializing game
17:20:11.559 [FXGL Background Thread 4 ] DEBUG FXGLAssetLoaderServi - Loading from file system: jar:file:///D:/Install/Maven/repository/com/github/almasb/fxgl/17/fxgl-17.jar!/fxglassets/ui/fonts/Abel-Regular.ttf
17:20:11.589 [FXGL Background Thread 4 ] DEBUG FXGLAssetLoaderServi - Loading from file system: jar:file:///D:/Install/Maven/repository/com/github/almasb/fxgl/17/fxgl-17.jar!/fxglassets/ui/fonts/TerminalLandMono-Regular.otf
17:20:11.607 [FXGL Background Thread 4 ] DEBUG FXGLAssetLoaderServi - Loading from file system: jar:file:///D:/Install/Maven/repository/com/github/almasb/fxgl/17/fxgl-17.jar!/fxglassets/ui/fonts/Courier-Prime.ttf
17:20:11.609 [JavaFX Application Thread] DEBUG LoopRunner           - Stopping loop
17:20:11.614 [JavaFX Application Thread] FATAL FXGLApplication      - Uncaught Exception:
java.lang.RuntimeException: Initialization failed
	at com.almasb.fxgl.all@17/com.almasb.fxgl.app.FXGLApplication$InitAppTask.failed(FXGLApplication.kt:343)
	at javafx.graphics/javafx.concurrent.Task.setState(Task.java:710)
	at javafx.graphics/javafx.concurrent.Task$TaskCallable.lambda$call$2(Task.java:1456)
	at javafx.graphics/com.sun.javafx.application.PlatformImpl.lambda$runLater$10(PlatformImpl.java:457)
	at java.base/java.security.AccessController.doPrivileged(AccessController.java:399)
	at javafx.graphics/com.sun.javafx.application.PlatformImpl.lambda$runLater$11(PlatformImpl.java:456)
	at javafx.graphics/com.sun.glass.ui.InvokeLaterDispatcher$Future.run(InvokeLaterDispatcher.java:96)
	at javafx.graphics/com.sun.glass.ui.win.WinApplication._runLoop(Native Method)
	at javafx.graphics/com.sun.glass.ui.win.WinApplication.lambda$runLoop$3(WinApplication.java:184)
	at java.base/java.lang.Thread.run(Thread.java:833)
Caused by: java.lang.IllegalArgumentException: Key w has no associated value!
	at com.almasb.fxgl.entity@17/com.almasb.fxgl.entity.SpawnData.get(SpawnData.kt:35)
	at entityBuildTest/com.mac.TestEntityFactory.newRect(TestEntityFactory.java:22)
	at java.base/jdk.internal.reflect.NativeMethodAccessorImpl.invoke0(Native Method)
	at java.base/jdk.internal.reflect.NativeMethodAccessorImpl.invoke(NativeMethodAccessorImpl.java:77)
	at java.base/jdk.internal.reflect.DelegatingMethodAccessorImpl.invoke(DelegatingMethodAccessorImpl.java:43)
	at java.base/java.lang.reflect.Method.invoke(Method.java:568)
	at com.almasb.fxgl.core@17/com.almasb.fxgl.core.reflect.ReflectionUtils.call(ReflectionUtils.java:104)
	at com.almasb.fxgl.core@17/com.almasb.fxgl.core.reflect.ReflectionUtils.lambda$mapToFunction$3(ReflectionUtils.java:111)
	at com.almasb.fxgl.entity@17/com.almasb.fxgl.entity.GameWorld$create$2.invoke(GameWorld.kt:430)
	at com.almasb.fxgl.entity@17/com.almasb.fxgl.entity.GameWorld$create$2.invoke(GameWorld.kt:430)
	at com.almasb.fxgl.core@17/com.almasb.fxgl.core.util.DSLKt.tryCatchRoot(DSL.kt:34)
	at com.almasb.fxgl.entity@17/com.almasb.fxgl.entity.GameWorld.create(GameWorld.kt:430)
	at com.almasb.fxgl.entity@17/com.almasb.fxgl.entity.GameWorld.spawn(GameWorld.kt:396)
	at entityBuildTest/com.mac.TestEntityApp.initGame(TestEntityApp.java:27)
	at com.almasb.fxgl.all@17/com.almasb.fxgl.app.FXGLApplication$InitAppTask.initGame(FXGLApplication.kt:339)
	at com.almasb.fxgl.all@17/com.almasb.fxgl.app.FXGLApplication$InitAppTask.call(FXGLApplication.kt:319)
	at com.almasb.fxgl.all@17/com.almasb.fxgl.app.FXGLApplication$InitAppTask.call(FXGLApplication.kt:311)
	at javafx.graphics/javafx.concurrent.Task$TaskCallable.call(Task.java:1426)
	at java.base/java.util.concurrent.FutureTask.run(FutureTask.java:264)
	at java.base/java.util.concurrent.Executors$RunnableAdapter.call(Executors.java:539)
	at java.base/java.util.concurrent.FutureTask.run(FutureTask.java:264)
	at java.base/java.util.concurrent.ThreadPoolExecutor.runWorker(ThreadPoolExecutor.java:1136)
	at java.base/java.util.concurrent.ThreadPoolExecutor$Worker.run(ThreadPoolExecutor.java:635)
	... 1 more

17:20:11.614 [JavaFX Application Thread] FATAL FXGLApplication      - Application will now exit
17:20:11.655 [JavaFX Application Thread] DEBUG PrimaryStageWindow   - Push state: ErrorSubScene
17:20:11.656 [JavaFX Application Thread] DEBUG Input                - Clearing active input actions
17:20:11.663 [JavaFX Application Thread] DEBUG GameApplicationServi - Removing overlay from FXGLLoadingScene and adding to ErrorSubScene
17:20:11.664 [JavaFX Application Thread] DEBUG PrimaryStageWindow   - FXGLLoadingScene -> ErrorSubScene
17:20:11.925 [JavaFX Application Thread] DEBUG FXGLApplication      - Registering font factories with UI factory
17:20:14.381 [FXGL Background Thread 3 ] DEBUG Engine               - Logging environment variables
17:20:14.382 [FXGL Background Thread 3 ] DEBUG Engine               - achievements: []
17:20:14.383 [FXGL Background Thread 3 ] DEBUG Engine               - actualHeight: 600.0
17:20:14.383 [FXGL Background Thread 3 ] DEBUG Engine               - actualHeightProperty: ReadOnlyDoubleProperty [value: 600.0]
17:20:14.383 [FXGL Background Thread 3 ] DEBUG Engine               - actualWidth: 800.0
17:20:14.383 [FXGL Background Thread 3 ] DEBUG Engine               - actualWidthProperty: ReadOnlyDoubleProperty [value: 800.0]
17:20:14.384 [FXGL Background Thread 3 ] DEBUG Engine               - appIcon: fxgl_icon.png
17:20:14.384 [FXGL Background Thread 3 ] DEBUG Engine               - applicationMode: DEVELOPER
17:20:14.384 [FXGL Background Thread 3 ] DEBUG Engine               - cSSList: [fxgl_dark.css]
17:20:14.384 [FXGL Background Thread 3 ] DEBUG Engine               - collisionDetectionStrategy: BRUTE_FORCE
17:20:14.384 [FXGL Background Thread 3 ] DEBUG Engine               - configClass: Optional.empty
17:20:14.384 [FXGL Background Thread 3 ] DEBUG Engine               - credits: []
17:20:14.385 [FXGL Background Thread 3 ] DEBUG Engine               - defaultCursor: CursorInfo(imageName=fxgl_default_cursor.png, hotspotX=7.0, hotspotY=6.0)
17:20:14.386 [FXGL Background Thread 3 ] DEBUG Engine               - devBBoxColorProperty: ObjectProperty [value: 0xff0000ff]
17:20:14.386 [FXGL Background Thread 3 ] DEBUG Engine               - devEnableDebugCameraProperty: BooleanProperty [value: false]
17:20:14.386 [FXGL Background Thread 3 ] DEBUG Engine               - devSensorColorProperty: ObjectProperty [value: 0xffff00ff]
17:20:14.386 [FXGL Background Thread 3 ] DEBUG Engine               - devShowBBoxProperty: BooleanProperty [value: false]
17:20:14.387 [FXGL Background Thread 3 ] DEBUG Engine               - devShowPositionProperty: BooleanProperty [value: false]
17:20:14.387 [FXGL Background Thread 3 ] DEBUG Engine               - enabledMenuItems: []
17:20:14.387 [FXGL Background Thread 3 ] DEBUG Engine               - engineServices: [class com.almasb.fxgl.app.services.FXGLAssetLoaderService, class com.almasb.fxgl.app.FXGLApplication$GameApplicationService, class com.almasb.fxgl.app.services.FXGLDialogService, class com.almasb.fxgl.app.services.IOTaskExecutorService, class com.almasb.fxgl.io.FileSystemService, class com.almasb.fxgl.localization.LocalizationService, class com.almasb.fxgl.app.services.SystemBundleService, class com.almasb.fxgl.profile.SaveLoadService, class com.almasb.fxgl.ui.FXGLUIFactoryServiceProvider, class com.almasb.fxgl.ui.FXGLDialogFactoryServiceProvider, class com.almasb.fxgl.audio.AudioPlayer, class com.almasb.fxgl.notification.impl.NotificationServiceProvider, class com.almasb.fxgl.achievement.AchievementService, class com.almasb.fxgl.cutscene.CutsceneService, class com.almasb.fxgl.minigames.MiniGameService, class com.almasb.fxgl.net.NetService, class com.almasb.fxgl.app.services.UpdaterService, class com.almasb.fxgl.dev.DevService]
17:20:14.387 [FXGL Background Thread 3 ] DEBUG Engine               - fontGame: Abel-Regular.ttf
17:20:14.387 [FXGL Background Thread 3 ] DEBUG Engine               - fontMono: TerminalLandMono-Regular.otf
17:20:14.388 [FXGL Background Thread 3 ] DEBUG Engine               - fontText: Courier-Prime.ttf
17:20:14.388 [FXGL Background Thread 3 ] DEBUG Engine               - fontUI: VarelaRound-Regular.ttf
17:20:14.388 [FXGL Background Thread 3 ] DEBUG Engine               - fullScreen: BooleanProperty [value: false]
17:20:14.389 [FXGL Background Thread 3 ] DEBUG Engine               - gameDifficulty: MEDIUM
17:20:14.389 [FXGL Background Thread 3 ] DEBUG Engine               - gameDifficultyProperty: ObjectProperty [value: MEDIUM]
17:20:14.390 [FXGL Background Thread 3 ] DEBUG Engine               - globalMusicVolume: 0.5
17:20:14.391 [FXGL Background Thread 3 ] DEBUG Engine               - globalMusicVolumeProperty: DoubleProperty [value: 0.5]
17:20:14.392 [FXGL Background Thread 3 ] DEBUG Engine               - globalSoundVolume: 0.5
17:20:14.392 [FXGL Background Thread 3 ] DEBUG Engine               - globalSoundVolumeProperty: DoubleProperty [value: 0.5]
17:20:14.392 [FXGL Background Thread 3 ] DEBUG Engine               - height: 600
17:20:14.392 [FXGL Background Thread 3 ] DEBUG Engine               - is3D: false
17:20:14.392 [FXGL Background Thread 3 ] DEBUG Engine               - isAndroid: false
17:20:14.393 [FXGL Background Thread 3 ] DEBUG Engine               - isBrowser: false
17:20:14.393 [FXGL Background Thread 3 ] DEBUG Engine               - isClickFeedbackEnabled: false
17:20:14.393 [FXGL Background Thread 3 ] DEBUG Engine               - isCloseConfirmation: false
17:20:14.393 [FXGL Background Thread 3 ] DEBUG Engine               - isDesktop: true
17:20:14.393 [FXGL Background Thread 3 ] DEBUG Engine               - isDeveloperMenuEnabled: false
17:20:14.393 [FXGL Background Thread 3 ] DEBUG Engine               - isEmbedded: false
17:20:14.393 [FXGL Background Thread 3 ] DEBUG Engine               - isEntityPreloadEnabled: true
17:20:14.393 [FXGL Background Thread 3 ] DEBUG Engine               - isExperimentalTiledLargeMap: false
17:20:14.393 [FXGL Background Thread 3 ] DEBUG Engine               - isFileSystemWriteAllowed: true
17:20:14.394 [FXGL Background Thread 3 ] DEBUG Engine               - isFullScreenAllowed: false
17:20:14.394 [FXGL Background Thread 3 ] DEBUG Engine               - isFullScreenFromStart: false
17:20:14.394 [FXGL Background Thread 3 ] DEBUG Engine               - isGameMenuEnabled: true
17:20:14.394 [FXGL Background Thread 3 ] DEBUG Engine               - isIOS: false
17:20:14.394 [FXGL Background Thread 3 ] DEBUG Engine               - isIntroEnabled: false
17:20:14.394 [FXGL Background Thread 3 ] DEBUG Engine               - isLinux: false
17:20:14.394 [FXGL Background Thread 3 ] DEBUG Engine               - isMac: false
17:20:14.394 [FXGL Background Thread 3 ] DEBUG Engine               - isMainMenuEnabled: false
17:20:14.394 [FXGL Background Thread 3 ] DEBUG Engine               - isManualResizeEnabled: false
17:20:14.395 [FXGL Background Thread 3 ] DEBUG Engine               - isMobile: false
17:20:14.395 [FXGL Background Thread 3 ] DEBUG Engine               - isNative: false
17:20:14.395 [FXGL Background Thread 3 ] DEBUG Engine               - isPauseMusicWhenMinimized: true
17:20:14.395 [FXGL Background Thread 3 ] DEBUG Engine               - isPreserveResizeRatio: false
17:20:14.395 [FXGL Background Thread 3 ] DEBUG Engine               - isProfilingEnabled: false
17:20:14.395 [FXGL Background Thread 3 ] DEBUG Engine               - isScaleAffectedOnResize: true
17:20:14.395 [FXGL Background Thread 3 ] DEBUG Engine               - isSingleStep: false
17:20:14.396 [FXGL Background Thread 3 ] DEBUG Engine               - isUserProfileEnabled: false
17:20:14.396 [FXGL Background Thread 3 ] DEBUG Engine               - isWindows: true
17:20:14.396 [FXGL Background Thread 3 ] DEBUG Engine               - language: ObjectProperty [value: ENGLISH]
17:20:14.397 [FXGL Background Thread 3 ] DEBUG Engine               - menuKey: ESCAPE
17:20:14.397 [FXGL Background Thread 3 ] DEBUG Engine               - mouseSensitivity: 0.2
17:20:14.397 [FXGL Background Thread 3 ] DEBUG Engine               - notificationViewClass: class com.almasb.fxgl.notification.view.XboxNotificationView
17:20:14.397 [FXGL Background Thread 3 ] DEBUG Engine               - pixelsPerMeter: 50.0
17:20:14.397 [FXGL Background Thread 3 ] DEBUG Engine               - platform: WINDOWS
17:20:14.398 [FXGL Background Thread 3 ] DEBUG Engine               - prefHeightProperty: ReadOnlyDoubleProperty [value: 600.0]
17:20:14.398 [FXGL Background Thread 3 ] DEBUG Engine               - prefWidthProperty: ReadOnlyDoubleProperty [value: 800.0]
17:20:14.398 [FXGL Background Thread 3 ] DEBUG Engine               - profileDir: profiles/
17:20:14.398 [FXGL Background Thread 3 ] DEBUG Engine               - profileName: StringProperty [value: DEFAULT]
17:20:14.398 [FXGL Background Thread 3 ] DEBUG Engine               - randomSeed: -1
17:20:14.399 [FXGL Background Thread 3 ] DEBUG Engine               - runtimeInfo: RuntimeInfo(platform=WINDOWS, version=17, build=31.12.2021 18.16)
17:20:14.399 [FXGL Background Thread 3 ] DEBUG Engine               - saveFileExt: sav
17:20:14.400 [FXGL Background Thread 3 ] DEBUG Engine               - scaledHeightProp$fxgl: DoubleProperty [bound, value: 600.0]
17:20:14.400 [FXGL Background Thread 3 ] DEBUG Engine               - scaledWidthProp$fxgl: DoubleProperty [bound, value: 800.0]
17:20:14.401 [FXGL Background Thread 3 ] DEBUG Engine               - sceneFactory: com.almasb.fxgl.app.scene.SceneFactory@67561930
17:20:14.401 [FXGL Background Thread 3 ] DEBUG Engine               - secondsIn24h: 60
17:20:14.401 [FXGL Background Thread 3 ] DEBUG Engine               - soundMenuBack: menu/back.wav
17:20:14.401 [FXGL Background Thread 3 ] DEBUG Engine               - soundMenuPress: menu/press.wav
17:20:14.401 [FXGL Background Thread 3 ] DEBUG Engine               - soundMenuSelect: menu/select.wav
17:20:14.401 [FXGL Background Thread 3 ] DEBUG Engine               - soundNotification: core/notification.wav
17:20:14.402 [FXGL Background Thread 3 ] DEBUG Engine               - stageStyle: DECORATED
17:20:14.402 [FXGL Background Thread 3 ] DEBUG Engine               - supportedLanguages: [ENGLISH, FRENCH, GERMAN, HUNGARIAN, RUSSIAN]
17:20:14.402 [FXGL Background Thread 3 ] DEBUG Engine               - ticksPerSecond: -1
17:20:14.402 [FXGL Background Thread 3 ] DEBUG Engine               - title: Untitled
17:20:14.402 [FXGL Background Thread 3 ] DEBUG Engine               - urlGithub: https://github.com/AlmasB/FXGL
17:20:14.402 [FXGL Background Thread 3 ] DEBUG Engine               - urlLeaderboard: http://fxgl-top.herokuapp.com/
17:20:14.402 [FXGL Background Thread 3 ] DEBUG Engine               - urlPOM: https://raw.githubusercontent.com/AlmasB/FXGL/release/README.md
17:20:14.403 [FXGL Background Thread 3 ] DEBUG Engine               - userAppClass: class com.mac.TestEntityApp
17:20:14.403 [FXGL Background Thread 3 ] DEBUG Engine               - version: 0.0
17:20:14.403 [FXGL Background Thread 3 ] DEBUG Engine               - versionCheckDays: 7
17:20:14.403 [FXGL Background Thread 3 ] DEBUG Engine               - width: 800
17:20:14.403 [FXGL Background Thread 3 ] DEBUG Engine               - Logging services
17:20:14.403 [FXGL Background Thread 3 ] DEBUG Engine               - class com.almasb.fxgl.app.services.FXGLAssetLoaderService
17:20:14.404 [FXGL Background Thread 3 ] DEBUG Engine               - class com.almasb.fxgl.app.FXGLApplication$GameApplicationService
17:20:14.404 [FXGL Background Thread 3 ] DEBUG Engine               - class com.almasb.fxgl.app.services.FXGLDialogService
17:20:14.404 [FXGL Background Thread 3 ] DEBUG Engine               - class com.almasb.fxgl.app.services.IOTaskExecutorService
17:20:14.404 [FXGL Background Thread 3 ] DEBUG Engine               - class com.almasb.fxgl.io.FileSystemService
17:20:14.404 [FXGL Background Thread 3 ] DEBUG Engine               - class com.almasb.fxgl.localization.LocalizationService
17:20:14.405 [FXGL Background Thread 3 ] DEBUG Engine               - class com.almasb.fxgl.app.services.SystemBundleService
17:20:14.405 [FXGL Background Thread 3 ] DEBUG Engine               - class com.almasb.fxgl.profile.SaveLoadService
17:20:14.405 [FXGL Background Thread 3 ] DEBUG Engine               - class com.almasb.fxgl.ui.FXGLUIFactoryServiceProvider
17:20:14.405 [FXGL Background Thread 3 ] DEBUG Engine               - class com.almasb.fxgl.ui.FXGLDialogFactoryServiceProvider
17:20:14.405 [FXGL Background Thread 3 ] DEBUG Engine               - class com.almasb.fxgl.audio.AudioPlayer
17:20:14.405 [FXGL Background Thread 3 ] DEBUG Engine               - class com.almasb.fxgl.notification.impl.NotificationServiceProvider
17:20:14.405 [FXGL Background Thread 3 ] DEBUG Engine               - class com.almasb.fxgl.achievement.AchievementService
17:20:14.406 [FXGL Background Thread 3 ] DEBUG Engine               - class com.almasb.fxgl.cutscene.CutsceneService
17:20:14.406 [FXGL Background Thread 3 ] DEBUG Engine               - class com.almasb.fxgl.minigames.MiniGameService
17:20:14.406 [FXGL Background Thread 3 ] DEBUG Engine               - class com.almasb.fxgl.net.NetService
17:20:14.406 [FXGL Background Thread 3 ] DEBUG Engine               - class com.almasb.fxgl.app.services.UpdaterService
17:20:14.406 [FXGL Background Thread 3 ] DEBUG Engine               - class com.almasb.fxgl.dev.DevService
17:20:16.699 [JavaFX Application Thread] DEBUG FXGLApplication      - Exiting FXGL
17:20:16.700 [JavaFX Application Thread] DEBUG Async                - Shutting down background threads
17:20:16.700 [JavaFX Application Thread] DEBUG PrimaryStageWindow   - Closing main window
17:20:16.717 [JavaFX Application Thread] DEBUG Logger               - Closing Logger
