11:32:02.131 [main                     ] DEBUG Logger               - Configured Logger
11:32:02.177 [main                     ] DEBUG GameApplication      - Logging settings
Title: Untitled
Version: 0.0
Width: 800
Height: 600
Fullscreen: false
Intro: false
Profiling: false
Single step:false
App Mode: DEVELOPER
Menu Key: ESCAPE
Stage Style: DECORATED
Scene Factory: class com.almasb.fxgl.app.scene.SceneFactory

11:32:02.638 [JavaFX Application Thread] DEBUG FXGLApplication      - Initializing FXGL
11:32:02.645 [JavaFX Application Thread] INFO  Engine               - FXGL-17 (31.12.2021 18.16) on WINDOWS (J:17.0.2 FX:17.0.0.1)
11:32:02.645 [JavaFX Application Thread] DEBUG Engine               - JRE Vendor Name: Oracle Corporation
11:32:02.646 [JavaFX Application Thread] DEBUG Engine               - Running on OS: Windows 10 version 10.0
11:32:02.646 [JavaFX Application Thread] DEBUG Engine               - Architecture: amd64
11:32:02.647 [JavaFX Application Thread] INFO  Engine               - Source code and latest versions at: https://github.com/AlmasB/FXGL
11:32:02.647 [JavaFX Application Thread] INFO  Engine               -       Ask questions and discuss at: https://github.com/AlmasB/FXGL/discussions
11:32:02.647 [JavaFX Application Thread] INFO  Engine               -              Join the FXGL chat at: https://gitter.im/AlmasB/FXGL
11:32:02.764 [JavaFX Application Thread] DEBUG PrimaryStageWindow   - Creating a JavaFX scene
11:32:02.823 [JavaFX Application Thread] DEBUG PrimaryStageWindow   - Target settings size: 800.0 x 600.0
11:32:02.823 [JavaFX Application Thread] DEBUG PrimaryStageWindow   - Scaled scene size:    800.0 x 600.0
11:32:02.824 [JavaFX Application Thread] DEBUG PrimaryStageWindow   - Scaled ratio: (1.0, 1.0)
11:32:02.826 [JavaFX Application Thread] DEBUG PrimaryStageWindow   - Set initial scene to FXGLStartupScene
11:32:02.836 [JavaFX Application Thread] DEBUG PrimaryStageWindow   - Opening main window
11:32:03.023 [JavaFX Application Thread] DEBUG PrimaryStageWindow   - Window border size: (14.66668701171875, 37.33331298828125)
11:32:03.024 [JavaFX Application Thread] DEBUG PrimaryStageWindow   - Scaled size: 800.0 x 600.0
11:32:03.024 [JavaFX Application Thread] DEBUG PrimaryStageWindow   - Scaled ratio: (1.0, 1.0)
11:32:03.025 [JavaFX Application Thread] DEBUG PrimaryStageWindow   - Scene size: 800.0 x 600.0
11:32:03.026 [JavaFX Application Thread] DEBUG PrimaryStageWindow   - Stage size: 814.6666870117188 x 637.3333129882812
11:32:03.037 [FXGL Background Thread 1 ] DEBUG Engine               - Initializing environment variables
11:32:03.092 [FXGL Background Thread 1 ] DEBUG FXGLAssetLoaderServi - User app class for loading assets: class com.mac.TestEntityApp
11:32:03.093 [FXGL Background Thread 1 ] DEBUG GameApplicationServi - Applying CSS: fxgl_dark.css
11:32:03.094 [FXGL Background Thread 1 ] DEBUG FXGLAssetLoaderServi - Loading from file system: jar:file:///D:/Install/Maven/repository/com/github/almasb/fxgl/17/fxgl-17.jar!/fxglassets/ui/css/fxgl_dark.css
11:32:03.160 [FXGL Background Thread 1 ] DEBUG GameApplicationServi - Initializing application scenes
11:32:03.282 [FXGL Background Thread 1 ] DEBUG GameWorld            - Game world initialized
11:32:03.355 [FXGL Background Thread 1 ] DEBUG PhysicsWorld         - Physics world initialized: appHeight=600, physics.ppm=50.0
11:32:03.356 [FXGL Background Thread 1 ] DEBUG PhysicsWorld         - Using strategy: BRUTE_FORCE
11:32:03.362 [FXGL Background Thread 1 ] DEBUG GameScene            - Game scene initialized: 800x600
11:32:03.383 [FXGL Background Thread 1 ] DEBUG FXGL.DefaultMenu     - createMenuBodyGameMenu()
11:32:03.401 [FXGL Background Thread 1 ] DEBUG FXGL.DefaultMenu     - createOptionsMenu()
11:32:03.419 [FXGL Background Thread 1 ] DEBUG FXGLAssetLoaderServi - Loading from file system: jar:file:///D:/Install/Maven/repository/com/github/almasb/fxgl/17/fxgl-17.jar!/fxglassets/textures/particles/smoke.png
11:32:03.526 [FXGL Background Thread 1 ] DEBUG FXGLAssetLoaderServi - Loading from file system: jar:file:///D:/Install/Maven/repository/com/github/almasb/fxgl/17/fxgl-17.jar!/fxglassets/textures/particles/trace_horizontal.png
11:32:03.568 [FXGL Background Thread 1 ] DEBUG GameApplicationServi - Application scenes initialized
11:32:03.593 [FXGL Background Thread 1 ] DEBUG SystemBundleService  - Loading FXGL system data
11:32:03.599 [FXGL Background Thread 1 ] WARN  SystemBundleService  - Failed to load: java.io.FileNotFoundException: E:\Other_Project\JXGL_GameEngine\entityBuildTest\system\fxgl.bundle (系统找不到指定的文件。)
11:32:03.600 [FXGL Background Thread 1 ] DEBUG SystemBundleService  - Loading default FXGL system data
11:32:03.600 [FXGL Background Thread 1 ] DEBUG UpdaterService       - Checking for updates
11:32:03.610 [FXGL Background Thread 4 ] DEBUG FXGLApplication      - Loading fonts
11:32:03.611 [FXGL Background Thread 1 ] DEBUG FXGLApplication      - Loading default localization
11:32:03.611 [FXGL Background Thread 4 ] DEBUG FXGLAssetLoaderServi - Loading from file system: jar:file:///D:/Install/Maven/repository/com/github/almasb/fxgl/17/fxgl-17.jar!/fxglassets/ui/fonts/VarelaRound-Regular.ttf
11:32:03.612 [FXGL Background Thread 1 ] DEBUG FXGLAssetLoaderServi - Loading from file system: jar:file:///D:/Install/Maven/repository/com/github/almasb/fxgl/17/fxgl-17.jar!/fxglassets/languages/english.lang
11:32:03.647 [FXGL Background Thread 1 ] INFO  FXGLApplication      - FXGL initialization took: 0.610 sec
11:32:03.651 [JavaFX Application Thread] DEBUG FXGLAssetLoaderServi - Loading from file system: jar:file:///D:/Install/Maven/repository/com/github/almasb/fxgl/17/fxgl-17.jar!/fxglassets/textures/fxgl_icon.png
11:32:03.690 [JavaFX Application Thread] DEBUG FXGLAssetLoaderServi - Loading from file system: jar:file:///D:/Install/Maven/repository/com/github/almasb/fxgl/17/fxgl-17.jar!/fxglassets/textures/fxgl_default_cursor.png
11:32:03.707 [JavaFX Application Thread] DEBUG Input                - Registered new binding: Screenshot - CTRL+8
11:32:03.708 [JavaFX Application Thread] DEBUG Input                - Registered new binding: System info dump - CTRL+9
11:32:03.709 [JavaFX Application Thread] DEBUG Input                - Registered new binding: Restart - CTRL+R
11:32:03.712 [JavaFX Application Thread] DEBUG Input                - Registered new binding: Toggle Debug Camera - CTRL+7
11:32:03.713 [FXGL Background Thread 4 ] DEBUG FXGLAssetLoaderServi - Loading from file system: jar:file:///D:/Install/Maven/repository/com/github/almasb/fxgl/17/fxgl-17.jar!/fxglassets/ui/fonts/Abel-Regular.ttf
11:32:03.718 [JavaFX Application Thread] DEBUG LoopRunner           - Starting loop
11:32:03.718 [JavaFX Application Thread] DEBUG LoopRunner           - Initializing JavaFX AnimationTimerLoop
11:32:03.721 [JavaFX Application Thread] DEBUG GameApplicationServi - Starting new game
11:32:03.722 [JavaFX Application Thread] DEBUG Input                - Clearing active input actions
11:32:03.731 [FXGL Background Thread 4 ] DEBUG FXGLAssetLoaderServi - Loading from file system: jar:file:///D:/Install/Maven/repository/com/github/almasb/fxgl/17/fxgl-17.jar!/fxglassets/ui/fonts/TerminalLandMono-Regular.otf
11:32:03.741 [JavaFX Application Thread] DEBUG GameApplicationServi - Removing overlay from FXGLStartupScene and adding to FXGLLoadingScene
11:32:03.742 [JavaFX Application Thread] DEBUG PrimaryStageWindow   - FXGLStartupScene -> FXGLLoadingScene
11:32:03.743 [JavaFX Application Thread] DEBUG GameApplicationServi - Clearing previous game
11:32:03.743 [JavaFX Application Thread] DEBUG GameScene            - Clearing game scene
11:32:03.743 [JavaFX Application Thread] DEBUG GameWorld            - Clearing game world
11:32:03.743 [JavaFX Application Thread] DEBUG PhysicsWorld         - Clearing physics world
11:32:03.747 [FXGL Background Thread 1 ] DEBUG FXGLApplication      - Initializing game
11:32:03.753 [FXGL Background Thread 4 ] DEBUG FXGLAssetLoaderServi - Loading from file system: jar:file:///D:/Install/Maven/repository/com/github/almasb/fxgl/17/fxgl-17.jar!/fxglassets/ui/fonts/Courier-Prime.ttf
11:32:03.776 [FXGL Background Thread 1 ] INFO  FXGLApplication      - Game initialization took: 0.028 sec
11:32:03.818 [JavaFX Application Thread] DEBUG Input                - Clearing active input actions
11:32:03.827 [JavaFX Application Thread] DEBUG GameApplicationServi - Removing overlay from FXGLLoadingScene and adding to GameScene
11:32:03.828 [JavaFX Application Thread] DEBUG PrimaryStageWindow   - FXGLLoadingScene -> GameScene
11:32:03.828 [JavaFX Application Thread] DEBUG FXGLApplication      - Registering font factories with UI factory
11:32:05.521 [JavaFX Application Thread] DEBUG FXGLApplication      - Exiting FXGL
11:32:05.521 [JavaFX Application Thread] DEBUG LoopRunner           - Stopping loop
11:32:05.521 [JavaFX Application Thread] DEBUG SystemBundleService  - Saving FXGL system data
11:32:05.524 [JavaFX Application Thread] DEBUG FileSystemAccess     - Writing to: E:\Other_Project\JXGL_GameEngine\entityBuildTest\system\fxgl.bundle
11:32:05.530 [JavaFX Application Thread] DEBUG Async                - Shutting down background threads
11:32:05.530 [JavaFX Application Thread] DEBUG PrimaryStageWindow   - Closing main window
11:32:05.548 [JavaFX Application Thread] DEBUG Logger               - Closing Logger
